[2024-01-06 13:25:17.845762 -06:00] [I] [T 6389584]: init log
[2024-01-06 13:25:17.845768 -06:00] [I] [T 6389584]: Version: 01.07.07.07
[2024-01-06 13:25:17.845771 -06:00] [I] [T 6389584]: Agent: set_cert_dir_name, dir=/Applications/OrcaSlicer.app/Contents/Resources/cert, name=slicer_base64.cer
[2024-01-06 13:25:17.845793 -06:00] [I] [T 6389584]: set_on_server_connected_fn
[2024-01-06 13:25:17.845795 -06:00] [I] [T 6389584]: set_on_printer_connected_fn
[2024-01-06 13:25:17.845795 -06:00] [I] [T 6389584]: set_get_country_code_fn
[2024-01-06 13:25:17.845796 -06:00] [I] [T 6389584]: set_on_local_connect_fn
[2024-01-06 13:25:17.845798 -06:00] [I] [T 6389584]: set_on_message_fn
[2024-01-06 13:25:17.845798 -06:00] [I] [T 6389584]: set_on_local_message_fn
[2024-01-06 13:25:17.845799 -06:00] [I] [T 6389584]: set_queue_on_main_fn
[2024-01-06 13:25:17.845805 -06:00] [I] [T 6389584]: set host to https://api.bambulab.com/v1
[2024-01-06 13:25:17.845805 -06:00] [I] [T 6389584]: region update iot = https://api.bambulab.com/v1
[2024-01-06 13:25:17.845806 -06:00] [I] [T 6389584]: region update api = https://api.bambulab.com/
[2024-01-06 13:25:17.845806 -06:00] [I] [T 6389584]: region update mqtt = ssl://us.mqtt.bambulab.com:8883
[2024-01-06 13:25:17.845806 -06:00] [I] [T 6389584]: region update tutk = US
[2024-01-06 13:25:17.845807 -06:00] [I] [T 6389584]: region update base domain = bambulab.com
[2024-01-06 13:25:17.845807 -06:00] [I] [T 6389584]: region update environment = 
[2024-01-06 13:25:17.845807 -06:00] [I] [T 6389584]: region update wifi_code = US
[2024-01-06 13:25:17.845807 -06:00] [I] [T 6389584]: region update design = https://bambulab.com
[2024-01-06 13:25:17.845808 -06:00] [I] [T 6389584]: Agent: load_config
[2024-01-06 13:25:17.845867 -06:00] [I] [T 6389584]: load_user_info
[2024-01-06 13:25:17.845870 -06:00] [I] [T 6389584]: save_user_info
[2024-01-06 13:25:17.845872 -06:00] [I] [T 6389584]: Agent: save_config
[2024-01-06 13:25:19.516774 -06:00] [I] [T 6389584]: set_on_http_error_fn
[2024-01-06 13:25:19.516779 -06:00] [I] [T 6389584]: ssdp: stop()
[2024-01-06 13:25:19.516825 -06:00] [I] [T 6389584]: Network Interface List: 2
[2024-01-06 13:25:19.534068 -06:00] [I] [T 6389584]: connect_cloud_mqtt
[2024-01-06 13:25:19.534412 -06:00] [I] [T 6389584]: connect_cloud_mqtt
[2024-01-06 13:25:19.534412 -06:00] [I] [T 6389584]: mqtt_cli is exists!
[2024-01-06 13:25:19.534414 -06:00] [E] [T 6389584]: bambu_network_connect_server , connect_server returned error:-1
[2024-01-06 13:25:20.024663 -06:00] [I] [T 6389930]: cloud_conn_callback::on_success, Connection(mqtt) OK! cli id= slicer:3455208520:d528
[2024-01-06 13:25:20.024689 -06:00] [I] [T 6389930]: cloud_conn_callback::on_success, Connection(mqtt) OK! cli id= slicer:3455208520:d528
[2024-01-06 13:25:20.024691 -06:00] [I] [T 6389930]: cloud_conn_callback::connected!
[2024-01-06 13:25:20.025034 -06:00] [I] [T 6389584]: set monitor machine = 
[2024-01-06 13:25:20.025036 -06:00] [I] [T 6389584]: Agent: save_config
[2024-01-06 13:25:20.025207 -06:00] [I] [T 6389584]: set monitor machine = 
[2024-01-06 13:25:20.025208 -06:00] [I] [T 6389584]: Agent: save_config
[2024-01-06 13:25:20.025276 -06:00] [I] [T 6389584]: set monitor machine = 
[2024-01-06 13:25:20.025276 -06:00] [I] [T 6389584]: Agent: save_config
[2024-01-06 13:25:59.979028 -06:00] [I] [T 6389584]: Agent: save_config
